CRITICAL - 2023-04-12 15:51:28 --> Trying to access array offset on value of type null
in APPPATH\Controllers\Login.php on line 125.
 1 APPPATH\Controllers\Login.php(125): CodeIgniter\Debug\Exceptions->errorHandler(2, 'Trying to access array offset on value of type null', 'C:\\xampp\\htdocs\\tianguis\\app\\Controllers\\Login.php', 125)
 2 SYSTEMPATH\CodeIgniter.php(934): App\Controllers\Login->SolicitarAccesoAdmin()
 3 SYSTEMPATH\CodeIgniter.php(499): CodeIgniter\CodeIgniter->runController(Object(App\Controllers\Login))
 4 SYSTEMPATH\CodeIgniter.php(368): CodeIgniter\CodeIgniter->handleRequest(null, Object(Config\Cache), false)
 5 FCPATH\index.php(67): CodeIgniter\CodeIgniter->run()
CRITICAL - 2023-04-12 15:55:26 --> Undefined variable $origen
in APPPATH\Views\login_body_view.php on line 11.
 1 APPPATH\Views\login_body_view.php(11): CodeIgniter\Debug\Exceptions->errorHandler(2, 'Undefined variable $origen', 'C:\\xampp\\htdocs\\tianguis\\app\\Views\\login_body_view.php', 11)
 2 SYSTEMPATH\View\View.php(213): include('C:\\xampp\\htdocs\\tianguis\\app\\Views\\login_body_view.php')
 3 SYSTEMPATH\View\View.php(216): CodeIgniter\View\View->CodeIgniter\View\{closure}()
 4 SYSTEMPATH\Common.php(1184): CodeIgniter\View\View->render('login_body_view', [], true)
 5 APPPATH\Controllers\Admin.php(19): view('login_body_view', [...])
 6 SYSTEMPATH\CodeIgniter.php(934): App\Controllers\Admin->index()
 7 SYSTEMPATH\CodeIgniter.php(499): CodeIgniter\CodeIgniter->runController(Object(App\Controllers\Admin))
 8 SYSTEMPATH\CodeIgniter.php(368): CodeIgniter\CodeIgniter->handleRequest(null, Object(Config\Cache), false)
 9 FCPATH\index.php(67): CodeIgniter\CodeIgniter->run()
CRITICAL - 2023-04-12 15:56:59 --> Undefined variable $titulo
in APPPATH\Views\inicio_view.php on line 5.
 1 APPPATH\Views\inicio_view.php(5): CodeIgniter\Debug\Exceptions->errorHandler(2, 'Undefined variable $titulo', 'C:\\xampp\\htdocs\\tianguis\\app\\Views\\inicio_view.php', 5)
 2 SYSTEMPATH\View\View.php(213): include('C:\\xampp\\htdocs\\tianguis\\app\\Views\\inicio_view.php')
 3 SYSTEMPATH\View\View.php(216): CodeIgniter\View\View->CodeIgniter\View\{closure}()
 4 SYSTEMPATH\Common.php(1184): CodeIgniter\View\View->render('inicio_view', [], true)
 5 APPPATH\Controllers\Inicio.php(15): view('inicio_view')
 6 SYSTEMPATH\CodeIgniter.php(934): App\Controllers\Inicio->index()
 7 SYSTEMPATH\CodeIgniter.php(499): CodeIgniter\CodeIgniter->runController(Object(App\Controllers\Inicio))
 8 SYSTEMPATH\CodeIgniter.php(368): CodeIgniter\CodeIgniter->handleRequest(null, Object(Config\Cache), false)
 9 FCPATH\index.php(67): CodeIgniter\CodeIgniter->run()
CRITICAL - 2023-04-12 15:57:02 --> Undefined variable $origen
in APPPATH\Views\login_body_view.php on line 11.
 1 APPPATH\Views\login_body_view.php(11): CodeIgniter\Debug\Exceptions->errorHandler(2, 'Undefined variable $origen', 'C:\\xampp\\htdocs\\tianguis\\app\\Views\\login_body_view.php', 11)
 2 SYSTEMPATH\View\View.php(213): include('C:\\xampp\\htdocs\\tianguis\\app\\Views\\login_body_view.php')
 3 SYSTEMPATH\View\View.php(216): CodeIgniter\View\View->CodeIgniter\View\{closure}()
 4 SYSTEMPATH\Common.php(1184): CodeIgniter\View\View->render('login_body_view', [], true)
 5 APPPATH\Controllers\Login.php(20): view('login_body_view', [...])
 6 SYSTEMPATH\CodeIgniter.php(934): App\Controllers\Login->index()
 7 SYSTEMPATH\CodeIgniter.php(499): CodeIgniter\CodeIgniter->runController(Object(App\Controllers\Login))
 8 SYSTEMPATH\CodeIgniter.php(368): CodeIgniter\CodeIgniter->handleRequest(null, Object(Config\Cache), false)
 9 FCPATH\index.php(67): CodeIgniter\CodeIgniter->run()
CRITICAL - 2023-04-12 15:57:04 --> Undefined variable $titulo
in APPPATH\Views\inicio_view.php on line 5.
 1 APPPATH\Views\inicio_view.php(5): CodeIgniter\Debug\Exceptions->errorHandler(2, 'Undefined variable $titulo', 'C:\\xampp\\htdocs\\tianguis\\app\\Views\\inicio_view.php', 5)
 2 SYSTEMPATH\View\View.php(213): include('C:\\xampp\\htdocs\\tianguis\\app\\Views\\inicio_view.php')
 3 SYSTEMPATH\View\View.php(216): CodeIgniter\View\View->CodeIgniter\View\{closure}()
 4 SYSTEMPATH\Common.php(1184): CodeIgniter\View\View->render('inicio_view', [], true)
 5 APPPATH\Controllers\Inicio.php(15): view('inicio_view')
 6 SYSTEMPATH\CodeIgniter.php(934): App\Controllers\Inicio->index()
 7 SYSTEMPATH\CodeIgniter.php(499): CodeIgniter\CodeIgniter->runController(Object(App\Controllers\Inicio))
 8 SYSTEMPATH\CodeIgniter.php(368): CodeIgniter\CodeIgniter->handleRequest(null, Object(Config\Cache), false)
 9 FCPATH\index.php(67): CodeIgniter\CodeIgniter->run()
CRITICAL - 2023-04-12 15:57:54 --> Undefined variable $titulo
in APPPATH\Views\inicio_view.php on line 5.
 1 APPPATH\Views\inicio_view.php(5): CodeIgniter\Debug\Exceptions->errorHandler(2, 'Undefined variable $titulo', 'C:\\xampp\\htdocs\\tianguis\\app\\Views\\inicio_view.php', 5)
 2 SYSTEMPATH\View\View.php(213): include('C:\\xampp\\htdocs\\tianguis\\app\\Views\\inicio_view.php')
 3 SYSTEMPATH\View\View.php(216): CodeIgniter\View\View->CodeIgniter\View\{closure}()
 4 SYSTEMPATH\Common.php(1184): CodeIgniter\View\View->render('inicio_view', [], true)
 5 APPPATH\Controllers\Inicio.php(15): view('inicio_view')
 6 SYSTEMPATH\CodeIgniter.php(934): App\Controllers\Inicio->index()
 7 SYSTEMPATH\CodeIgniter.php(499): CodeIgniter\CodeIgniter->runController(Object(App\Controllers\Inicio))
 8 SYSTEMPATH\CodeIgniter.php(368): CodeIgniter\CodeIgniter->handleRequest(null, Object(Config\Cache), false)
 9 FCPATH\index.php(67): CodeIgniter\CodeIgniter->run()
CRITICAL - 2023-04-12 16:01:58 --> Undefined variable $titulo
in APPPATH\Views\inicio_view.php on line 5.
 1 APPPATH\Views\inicio_view.php(5): CodeIgniter\Debug\Exceptions->errorHandler(2, 'Undefined variable $titulo', 'C:\\xampp\\htdocs\\tianguis\\app\\Views\\inicio_view.php', 5)
 2 SYSTEMPATH\View\View.php(213): include('C:\\xampp\\htdocs\\tianguis\\app\\Views\\inicio_view.php')
 3 SYSTEMPATH\View\View.php(216): CodeIgniter\View\View->CodeIgniter\View\{closure}()
 4 SYSTEMPATH\Common.php(1184): CodeIgniter\View\View->render('inicio_view', [], true)
 5 APPPATH\Controllers\Inicio.php(17): view('inicio_view')
 6 SYSTEMPATH\CodeIgniter.php(934): App\Controllers\Inicio->index()
 7 SYSTEMPATH\CodeIgniter.php(499): CodeIgniter\CodeIgniter->runController(Object(App\Controllers\Inicio))
 8 SYSTEMPATH\CodeIgniter.php(368): CodeIgniter\CodeIgniter->handleRequest(null, Object(Config\Cache), false)
 9 FCPATH\index.php(67): CodeIgniter\CodeIgniter->run()
CRITICAL - 2023-04-12 16:09:06 --> Undefined variable $titulo
in APPPATH\Views\inicio_view.php on line 5.
 1 APPPATH\Views\inicio_view.php(5): CodeIgniter\Debug\Exceptions->errorHandler(2, 'Undefined variable $titulo', 'C:\\xampp\\htdocs\\tianguis\\app\\Views\\inicio_view.php', 5)
 2 SYSTEMPATH\View\View.php(213): include('C:\\xampp\\htdocs\\tianguis\\app\\Views\\inicio_view.php')
 3 SYSTEMPATH\View\View.php(216): CodeIgniter\View\View->CodeIgniter\View\{closure}()
 4 SYSTEMPATH\Common.php(1184): CodeIgniter\View\View->render('inicio_view', [], true)
 5 APPPATH\Controllers\Inicio.php(17): view('inicio_view')
 6 SYSTEMPATH\CodeIgniter.php(934): App\Controllers\Inicio->index()
 7 SYSTEMPATH\CodeIgniter.php(499): CodeIgniter\CodeIgniter->runController(Object(App\Controllers\Inicio))
 8 SYSTEMPATH\CodeIgniter.php(368): CodeIgniter\CodeIgniter->handleRequest(null, Object(Config\Cache), false)
 9 FCPATH\index.php(67): CodeIgniter\CodeIgniter->run()
CRITICAL - 2023-04-12 16:09:19 --> Undefined variable $titulo
in APPPATH\Views\inicio_view.php on line 5.
 1 APPPATH\Views\inicio_view.php(5): CodeIgniter\Debug\Exceptions->errorHandler(2, 'Undefined variable $titulo', 'C:\\xampp\\htdocs\\tianguis\\app\\Views\\inicio_view.php', 5)
 2 SYSTEMPATH\View\View.php(213): include('C:\\xampp\\htdocs\\tianguis\\app\\Views\\inicio_view.php')
 3 SYSTEMPATH\View\View.php(216): CodeIgniter\View\View->CodeIgniter\View\{closure}()
 4 SYSTEMPATH\Common.php(1184): CodeIgniter\View\View->render('inicio_view', [], true)
 5 APPPATH\Controllers\Inicio.php(17): view('inicio_view')
 6 SYSTEMPATH\CodeIgniter.php(934): App\Controllers\Inicio->index()
 7 SYSTEMPATH\CodeIgniter.php(499): CodeIgniter\CodeIgniter->runController(Object(App\Controllers\Inicio))
 8 SYSTEMPATH\CodeIgniter.php(368): CodeIgniter\CodeIgniter->handleRequest(null, Object(Config\Cache), false)
 9 FCPATH\index.php(67): CodeIgniter\CodeIgniter->run()
CRITICAL - 2023-04-12 16:29:32 --> Invalid file: "header_view.php"
in SYSTEMPATH\Exceptions\FrameworkException.php on line 33.
 1 SYSTEMPATH\View\View.php(201): CodeIgniter\Exceptions\FrameworkException::forInvalidFile('header_view.php')
 2 SYSTEMPATH\Common.php(1184): CodeIgniter\View\View->render('header_view', [], true)
 3 APPPATH\Controllers\Inicio.php(16): view('header_view', [...])
 4 SYSTEMPATH\CodeIgniter.php(934): App\Controllers\Inicio->index()
 5 SYSTEMPATH\CodeIgniter.php(499): CodeIgniter\CodeIgniter->runController(Object(App\Controllers\Inicio))
 6 SYSTEMPATH\CodeIgniter.php(368): CodeIgniter\CodeIgniter->handleRequest(null, Object(Config\Cache), false)
 7 FCPATH\index.php(67): CodeIgniter\CodeIgniter->run()
CRITICAL - 2023-04-12 16:33:00 --> Invalid file: "<Plantillas>header_view.php"
in SYSTEMPATH\Exceptions\FrameworkException.php on line 33.
 1 SYSTEMPATH\View\View.php(201): CodeIgniter\Exceptions\FrameworkException::forInvalidFile('<Plantillas>header_view.php')
 2 SYSTEMPATH\Common.php(1184): CodeIgniter\View\View->render('<Plantillas>header_view', [], true)
 3 APPPATH\Controllers\Inicio.php(16): view('<Plantillas>header_view', [...])
 4 SYSTEMPATH\CodeIgniter.php(934): App\Controllers\Inicio->index()
 5 SYSTEMPATH\CodeIgniter.php(499): CodeIgniter\CodeIgniter->runController(Object(App\Controllers\Inicio))
 6 SYSTEMPATH\CodeIgniter.php(368): CodeIgniter\CodeIgniter->handleRequest(null, Object(Config\Cache), false)
 7 FCPATH\index.php(67): CodeIgniter\CodeIgniter->run()
CRITICAL - 2023-04-12 17:13:13 --> Undefined variable $inicio
in APPPATH\Views\Plantillas\header_view.php on line 130.
 1 APPPATH\Views\Plantillas\header_view.php(130): CodeIgniter\Debug\Exceptions->errorHandler(2, 'Undefined variable $inicio', 'C:\\xampp\\htdocs\\tianguis\\app\\Views\\Plantillas\\header_view.php', 130)
 2 SYSTEMPATH\View\View.php(213): include('C:\\xampp\\htdocs\\tianguis\\app\\Views\\Plantillas\\header_view.php')
 3 SYSTEMPATH\View\View.php(216): CodeIgniter\View\View->CodeIgniter\View\{closure}()
 4 SYSTEMPATH\Common.php(1184): CodeIgniter\View\View->render('Plantillas/header_view', [], true)
 5 APPPATH\Controllers\Admin.php(29): view('Plantillas/header_view', [...])
 6 SYSTEMPATH\CodeIgniter.php(934): App\Controllers\Admin->index()
 7 SYSTEMPATH\CodeIgniter.php(499): CodeIgniter\CodeIgniter->runController(Object(App\Controllers\Admin))
 8 SYSTEMPATH\CodeIgniter.php(368): CodeIgniter\CodeIgniter->handleRequest(null, Object(Config\Cache), false)
 9 FCPATH\index.php(67): CodeIgniter\CodeIgniter->run()
CRITICAL - 2023-04-12 17:13:19 --> Undefined variable $inicio
in APPPATH\Views\Plantillas\header_view.php on line 130.
 1 APPPATH\Views\Plantillas\header_view.php(130): CodeIgniter\Debug\Exceptions->errorHandler(2, 'Undefined variable $inicio', 'C:\\xampp\\htdocs\\tianguis\\app\\Views\\Plantillas\\header_view.php', 130)
 2 SYSTEMPATH\View\View.php(213): include('C:\\xampp\\htdocs\\tianguis\\app\\Views\\Plantillas\\header_view.php')
 3 SYSTEMPATH\View\View.php(216): CodeIgniter\View\View->CodeIgniter\View\{closure}()
 4 SYSTEMPATH\Common.php(1184): CodeIgniter\View\View->render('Plantillas/header_view', [], true)
 5 APPPATH\Controllers\Admin.php(29): view('Plantillas/header_view', [...])
 6 SYSTEMPATH\CodeIgniter.php(934): App\Controllers\Admin->index()
 7 SYSTEMPATH\CodeIgniter.php(499): CodeIgniter\CodeIgniter->runController(Object(App\Controllers\Admin))
 8 SYSTEMPATH\CodeIgniter.php(368): CodeIgniter\CodeIgniter->handleRequest(null, Object(Config\Cache), false)
 9 FCPATH\index.php(67): CodeIgniter\CodeIgniter->run()
CRITICAL - 2023-04-12 17:13:23 --> Undefined variable $inicio
in APPPATH\Views\Plantillas\header_view.php on line 130.
 1 APPPATH\Views\Plantillas\header_view.php(130): CodeIgniter\Debug\Exceptions->errorHandler(2, 'Undefined variable $inicio', 'C:\\xampp\\htdocs\\tianguis\\app\\Views\\Plantillas\\header_view.php', 130)
 2 SYSTEMPATH\View\View.php(213): include('C:\\xampp\\htdocs\\tianguis\\app\\Views\\Plantillas\\header_view.php')
 3 SYSTEMPATH\View\View.php(216): CodeIgniter\View\View->CodeIgniter\View\{closure}()
 4 SYSTEMPATH\Common.php(1184): CodeIgniter\View\View->render('Plantillas/header_view', [], true)
 5 APPPATH\Controllers\Admin.php(29): view('Plantillas/header_view', [...])
 6 SYSTEMPATH\CodeIgniter.php(934): App\Controllers\Admin->index()
 7 SYSTEMPATH\CodeIgniter.php(499): CodeIgniter\CodeIgniter->runController(Object(App\Controllers\Admin))
 8 SYSTEMPATH\CodeIgniter.php(368): CodeIgniter\CodeIgniter->handleRequest(null, Object(Config\Cache), false)
 9 FCPATH\index.php(67): CodeIgniter\CodeIgniter->run()
CRITICAL - 2023-04-12 17:13:27 --> Undefined variable $inicio
in APPPATH\Views\Plantillas\header_view.php on line 130.
 1 APPPATH\Views\Plantillas\header_view.php(130): CodeIgniter\Debug\Exceptions->errorHandler(2, 'Undefined variable $inicio', 'C:\\xampp\\htdocs\\tianguis\\app\\Views\\Plantillas\\header_view.php', 130)
 2 SYSTEMPATH\View\View.php(213): include('C:\\xampp\\htdocs\\tianguis\\app\\Views\\Plantillas\\header_view.php')
 3 SYSTEMPATH\View\View.php(216): CodeIgniter\View\View->CodeIgniter\View\{closure}()
 4 SYSTEMPATH\Common.php(1184): CodeIgniter\View\View->render('Plantillas/header_view', [], true)
 5 APPPATH\Controllers\Admin.php(29): view('Plantillas/header_view', [...])
 6 SYSTEMPATH\CodeIgniter.php(934): App\Controllers\Admin->index()
 7 SYSTEMPATH\CodeIgniter.php(499): CodeIgniter\CodeIgniter->runController(Object(App\Controllers\Admin))
 8 SYSTEMPATH\CodeIgniter.php(368): CodeIgniter\CodeIgniter->handleRequest(null, Object(Config\Cache), false)
 9 FCPATH\index.php(67): CodeIgniter\CodeIgniter->run()
CRITICAL - 2023-04-12 17:13:29 --> Undefined variable $inicio
in APPPATH\Views\Plantillas\header_view.php on line 130.
 1 APPPATH\Views\Plantillas\header_view.php(130): CodeIgniter\Debug\Exceptions->errorHandler(2, 'Undefined variable $inicio', 'C:\\xampp\\htdocs\\tianguis\\app\\Views\\Plantillas\\header_view.php', 130)
 2 SYSTEMPATH\View\View.php(213): include('C:\\xampp\\htdocs\\tianguis\\app\\Views\\Plantillas\\header_view.php')
 3 SYSTEMPATH\View\View.php(216): CodeIgniter\View\View->CodeIgniter\View\{closure}()
 4 SYSTEMPATH\Common.php(1184): CodeIgniter\View\View->render('Plantillas/header_view', [], true)
 5 APPPATH\Controllers\Inicio.php(16): view('Plantillas/header_view', [...])
 6 SYSTEMPATH\CodeIgniter.php(934): App\Controllers\Inicio->index()
 7 SYSTEMPATH\CodeIgniter.php(499): CodeIgniter\CodeIgniter->runController(Object(App\Controllers\Inicio))
 8 SYSTEMPATH\CodeIgniter.php(368): CodeIgniter\CodeIgniter->handleRequest(null, Object(Config\Cache), false)
 9 FCPATH\index.php(67): CodeIgniter\CodeIgniter->run()
CRITICAL - 2023-04-12 17:13:30 --> Undefined variable $inicio
in APPPATH\Views\Plantillas\header_view.php on line 130.
 1 APPPATH\Views\Plantillas\header_view.php(130): CodeIgniter\Debug\Exceptions->errorHandler(2, 'Undefined variable $inicio', 'C:\\xampp\\htdocs\\tianguis\\app\\Views\\Plantillas\\header_view.php', 130)
 2 SYSTEMPATH\View\View.php(213): include('C:\\xampp\\htdocs\\tianguis\\app\\Views\\Plantillas\\header_view.php')
 3 SYSTEMPATH\View\View.php(216): CodeIgniter\View\View->CodeIgniter\View\{closure}()
 4 SYSTEMPATH\Common.php(1184): CodeIgniter\View\View->render('Plantillas/header_view', [], true)
 5 APPPATH\Controllers\Admin.php(29): view('Plantillas/header_view', [...])
 6 SYSTEMPATH\CodeIgniter.php(934): App\Controllers\Admin->index()
 7 SYSTEMPATH\CodeIgniter.php(499): CodeIgniter\CodeIgniter->runController(Object(App\Controllers\Admin))
 8 SYSTEMPATH\CodeIgniter.php(368): CodeIgniter\CodeIgniter->handleRequest(null, Object(Config\Cache), false)
 9 FCPATH\index.php(67): CodeIgniter\CodeIgniter->run()
CRITICAL - 2023-04-12 17:13:34 --> Undefined variable $inicio
in APPPATH\Views\Plantillas\header_view.php on line 130.
 1 APPPATH\Views\Plantillas\header_view.php(130): CodeIgniter\Debug\Exceptions->errorHandler(2, 'Undefined variable $inicio', 'C:\\xampp\\htdocs\\tianguis\\app\\Views\\Plantillas\\header_view.php', 130)
 2 SYSTEMPATH\View\View.php(213): include('C:\\xampp\\htdocs\\tianguis\\app\\Views\\Plantillas\\header_view.php')
 3 SYSTEMPATH\View\View.php(216): CodeIgniter\View\View->CodeIgniter\View\{closure}()
 4 SYSTEMPATH\Common.php(1184): CodeIgniter\View\View->render('Plantillas/header_view', [], true)
 5 APPPATH\Controllers\Admin.php(29): view('Plantillas/header_view', [...])
 6 SYSTEMPATH\CodeIgniter.php(934): App\Controllers\Admin->index()
 7 SYSTEMPATH\CodeIgniter.php(499): CodeIgniter\CodeIgniter->runController(Object(App\Controllers\Admin))
 8 SYSTEMPATH\CodeIgniter.php(368): CodeIgniter\CodeIgniter->handleRequest(null, Object(Config\Cache), false)
 9 FCPATH\index.php(67): CodeIgniter\CodeIgniter->run()
CRITICAL - 2023-04-12 17:13:45 --> Undefined variable $inicio
in APPPATH\Views\Plantillas\header_view.php on line 130.
 1 APPPATH\Views\Plantillas\header_view.php(130): CodeIgniter\Debug\Exceptions->errorHandler(2, 'Undefined variable $inicio', 'C:\\xampp\\htdocs\\tianguis\\app\\Views\\Plantillas\\header_view.php', 130)
 2 SYSTEMPATH\View\View.php(213): include('C:\\xampp\\htdocs\\tianguis\\app\\Views\\Plantillas\\header_view.php')
 3 SYSTEMPATH\View\View.php(216): CodeIgniter\View\View->CodeIgniter\View\{closure}()
 4 SYSTEMPATH\Common.php(1184): CodeIgniter\View\View->render('Plantillas/header_view', [], true)
 5 APPPATH\Controllers\Inicio.php(16): view('Plantillas/header_view', [...])
 6 SYSTEMPATH\CodeIgniter.php(934): App\Controllers\Inicio->index()
 7 SYSTEMPATH\CodeIgniter.php(499): CodeIgniter\CodeIgniter->runController(Object(App\Controllers\Inicio))
 8 SYSTEMPATH\CodeIgniter.php(368): CodeIgniter\CodeIgniter->handleRequest(null, Object(Config\Cache), false)
 9 FCPATH\index.php(67): CodeIgniter\CodeIgniter->run()
CRITICAL - 2023-04-12 17:14:05 --> Undefined variable $inicio
in APPPATH\Views\Plantillas\header_view.php on line 130.
 1 APPPATH\Views\Plantillas\header_view.php(130): CodeIgniter\Debug\Exceptions->errorHandler(2, 'Undefined variable $inicio', 'C:\\xampp\\htdocs\\tianguis\\app\\Views\\Plantillas\\header_view.php', 130)
 2 SYSTEMPATH\View\View.php(213): include('C:\\xampp\\htdocs\\tianguis\\app\\Views\\Plantillas\\header_view.php')
 3 SYSTEMPATH\View\View.php(216): CodeIgniter\View\View->CodeIgniter\View\{closure}()
 4 SYSTEMPATH\Common.php(1184): CodeIgniter\View\View->render('Plantillas/header_view', [], true)
 5 APPPATH\Controllers\Admin.php(29): view('Plantillas/header_view', [...])
 6 SYSTEMPATH\CodeIgniter.php(934): App\Controllers\Admin->index()
 7 SYSTEMPATH\CodeIgniter.php(499): CodeIgniter\CodeIgniter->runController(Object(App\Controllers\Admin))
 8 SYSTEMPATH\CodeIgniter.php(368): CodeIgniter\CodeIgniter->handleRequest(null, Object(Config\Cache), false)
 9 FCPATH\index.php(67): CodeIgniter\CodeIgniter->run()
CRITICAL - 2023-04-12 17:14:08 --> Undefined variable $inicio
in APPPATH\Views\Plantillas\header_view.php on line 130.
 1 APPPATH\Views\Plantillas\header_view.php(130): CodeIgniter\Debug\Exceptions->errorHandler(2, 'Undefined variable $inicio', 'C:\\xampp\\htdocs\\tianguis\\app\\Views\\Plantillas\\header_view.php', 130)
 2 SYSTEMPATH\View\View.php(213): include('C:\\xampp\\htdocs\\tianguis\\app\\Views\\Plantillas\\header_view.php')
 3 SYSTEMPATH\View\View.php(216): CodeIgniter\View\View->CodeIgniter\View\{closure}()
 4 SYSTEMPATH\Common.php(1184): CodeIgniter\View\View->render('Plantillas/header_view', [], true)
 5 APPPATH\Controllers\Admin.php(29): view('Plantillas/header_view', [...])
 6 SYSTEMPATH\CodeIgniter.php(934): App\Controllers\Admin->index()
 7 SYSTEMPATH\CodeIgniter.php(499): CodeIgniter\CodeIgniter->runController(Object(App\Controllers\Admin))
 8 SYSTEMPATH\CodeIgniter.php(368): CodeIgniter\CodeIgniter->handleRequest(null, Object(Config\Cache), false)
 9 FCPATH\index.php(67): CodeIgniter\CodeIgniter->run()
CRITICAL - 2023-04-12 17:17:37 --> Undefined variable $inicio
in APPPATH\Views\Plantillas\header_view.php on line 130.
 1 APPPATH\Views\Plantillas\header_view.php(130): CodeIgniter\Debug\Exceptions->errorHandler(2, 'Undefined variable $inicio', 'C:\\xampp\\htdocs\\tianguis\\app\\Views\\Plantillas\\header_view.php', 130)
 2 SYSTEMPATH\View\View.php(213): include('C:\\xampp\\htdocs\\tianguis\\app\\Views\\Plantillas\\header_view.php')
 3 SYSTEMPATH\View\View.php(216): CodeIgniter\View\View->CodeIgniter\View\{closure}()
 4 SYSTEMPATH\Common.php(1184): CodeIgniter\View\View->render('Plantillas/header_view', [], true)
 5 APPPATH\Controllers\Inicio.php(16): view('Plantillas/header_view', [...])
 6 SYSTEMPATH\CodeIgniter.php(934): App\Controllers\Inicio->index()
 7 SYSTEMPATH\CodeIgniter.php(499): CodeIgniter\CodeIgniter->runController(Object(App\Controllers\Inicio))
 8 SYSTEMPATH\CodeIgniter.php(368): CodeIgniter\CodeIgniter->handleRequest(null, Object(Config\Cache), false)
 9 FCPATH\index.php(67): CodeIgniter\CodeIgniter->run()
CRITICAL - 2023-04-12 17:28:38 --> Undefined array key "esAdmin"
in APPPATH\Views\Plantillas\header_view.php on line 135.
 1 APPPATH\Views\Plantillas\header_view.php(135): CodeIgniter\Debug\Exceptions->errorHandler(2, 'Undefined array key "esAdmin"', 'C:\\xampp\\htdocs\\tianguis\\app\\Views\\Plantillas\\header_view.php', 135)
 2 SYSTEMPATH\View\View.php(213): include('C:\\xampp\\htdocs\\tianguis\\app\\Views\\Plantillas\\header_view.php')
 3 SYSTEMPATH\View\View.php(216): CodeIgniter\View\View->CodeIgniter\View\{closure}()
 4 SYSTEMPATH\Common.php(1184): CodeIgniter\View\View->render('Plantillas/header_view', [], true)
 5 APPPATH\Controllers\Inicio.php(16): view('Plantillas/header_view', [...])
 6 SYSTEMPATH\CodeIgniter.php(934): App\Controllers\Inicio->index()
 7 SYSTEMPATH\CodeIgniter.php(499): CodeIgniter\CodeIgniter->runController(Object(App\Controllers\Inicio))
 8 SYSTEMPATH\CodeIgniter.php(368): CodeIgniter\CodeIgniter->handleRequest(null, Object(Config\Cache), false)
 9 FCPATH\index.php(67): CodeIgniter\CodeIgniter->run()
CRITICAL - 2023-04-12 17:28:54 --> Undefined array key "esAdmin"
in APPPATH\Views\Plantillas\header_view.php on line 135.
 1 APPPATH\Views\Plantillas\header_view.php(135): CodeIgniter\Debug\Exceptions->errorHandler(2, 'Undefined array key "esAdmin"', 'C:\\xampp\\htdocs\\tianguis\\app\\Views\\Plantillas\\header_view.php', 135)
 2 SYSTEMPATH\View\View.php(213): include('C:\\xampp\\htdocs\\tianguis\\app\\Views\\Plantillas\\header_view.php')
 3 SYSTEMPATH\View\View.php(216): CodeIgniter\View\View->CodeIgniter\View\{closure}()
 4 SYSTEMPATH\Common.php(1184): CodeIgniter\View\View->render('Plantillas/header_view', [], true)
 5 APPPATH\Controllers\Inicio.php(16): view('Plantillas/header_view', [...])
 6 SYSTEMPATH\CodeIgniter.php(934): App\Controllers\Inicio->index()
 7 SYSTEMPATH\CodeIgniter.php(499): CodeIgniter\CodeIgniter->runController(Object(App\Controllers\Inicio))
 8 SYSTEMPATH\CodeIgniter.php(368): CodeIgniter\CodeIgniter->handleRequest(null, Object(Config\Cache), false)
 9 FCPATH\index.php(67): CodeIgniter\CodeIgniter->run()
CRITICAL - 2023-04-12 17:29:04 --> Undefined array key "esAdmin"
in APPPATH\Views\Plantillas\header_view.php on line 135.
 1 APPPATH\Views\Plantillas\header_view.php(135): CodeIgniter\Debug\Exceptions->errorHandler(2, 'Undefined array key "esAdmin"', 'C:\\xampp\\htdocs\\tianguis\\app\\Views\\Plantillas\\header_view.php', 135)
 2 SYSTEMPATH\View\View.php(213): include('C:\\xampp\\htdocs\\tianguis\\app\\Views\\Plantillas\\header_view.php')
 3 SYSTEMPATH\View\View.php(216): CodeIgniter\View\View->CodeIgniter\View\{closure}()
 4 SYSTEMPATH\Common.php(1184): CodeIgniter\View\View->render('Plantillas/header_view', [], true)
 5 APPPATH\Controllers\Inicio.php(16): view('Plantillas/header_view', [...])
 6 SYSTEMPATH\CodeIgniter.php(934): App\Controllers\Inicio->index()
 7 SYSTEMPATH\CodeIgniter.php(499): CodeIgniter\CodeIgniter->runController(Object(App\Controllers\Inicio))
 8 SYSTEMPATH\CodeIgniter.php(368): CodeIgniter\CodeIgniter->handleRequest(null, Object(Config\Cache), false)
 9 FCPATH\index.php(67): CodeIgniter\CodeIgniter->run()
CRITICAL - 2023-04-12 17:29:32 --> Undefined array key "esAdmin"
in APPPATH\Views\Plantillas\header_view.php on line 135.
 1 APPPATH\Views\Plantillas\header_view.php(135): CodeIgniter\Debug\Exceptions->errorHandler(2, 'Undefined array key "esAdmin"', 'C:\\xampp\\htdocs\\tianguis\\app\\Views\\Plantillas\\header_view.php', 135)
 2 SYSTEMPATH\View\View.php(213): include('C:\\xampp\\htdocs\\tianguis\\app\\Views\\Plantillas\\header_view.php')
 3 SYSTEMPATH\View\View.php(216): CodeIgniter\View\View->CodeIgniter\View\{closure}()
 4 SYSTEMPATH\Common.php(1184): CodeIgniter\View\View->render('Plantillas/header_view', [], true)
 5 APPPATH\Controllers\Inicio.php(16): view('Plantillas/header_view', [...])
 6 SYSTEMPATH\CodeIgniter.php(934): App\Controllers\Inicio->index()
 7 SYSTEMPATH\CodeIgniter.php(499): CodeIgniter\CodeIgniter->runController(Object(App\Controllers\Inicio))
 8 SYSTEMPATH\CodeIgniter.php(368): CodeIgniter\CodeIgniter->handleRequest(null, Object(Config\Cache), false)
 9 FCPATH\index.php(67): CodeIgniter\CodeIgniter->run()
CRITICAL - 2023-04-12 17:29:50 --> Undefined array key "esAdmin"
in APPPATH\Views\Plantillas\header_view.php on line 135.
 1 APPPATH\Views\Plantillas\header_view.php(135): CodeIgniter\Debug\Exceptions->errorHandler(2, 'Undefined array key "esAdmin"', 'C:\\xampp\\htdocs\\tianguis\\app\\Views\\Plantillas\\header_view.php', 135)
 2 SYSTEMPATH\View\View.php(213): include('C:\\xampp\\htdocs\\tianguis\\app\\Views\\Plantillas\\header_view.php')
 3 SYSTEMPATH\View\View.php(216): CodeIgniter\View\View->CodeIgniter\View\{closure}()
 4 SYSTEMPATH\Common.php(1184): CodeIgniter\View\View->render('Plantillas/header_view', [], true)
 5 APPPATH\Controllers\Inicio.php(16): view('Plantillas/header_view', [...])
 6 SYSTEMPATH\CodeIgniter.php(934): App\Controllers\Inicio->index()
 7 SYSTEMPATH\CodeIgniter.php(499): CodeIgniter\CodeIgniter->runController(Object(App\Controllers\Inicio))
 8 SYSTEMPATH\CodeIgniter.php(368): CodeIgniter\CodeIgniter->handleRequest(null, Object(Config\Cache), false)
 9 FCPATH\index.php(67): CodeIgniter\CodeIgniter->run()
CRITICAL - 2023-04-12 17:30:05 --> Undefined array key "esAdmin"
in APPPATH\Views\Plantillas\header_view.php on line 135.
 1 APPPATH\Views\Plantillas\header_view.php(135): CodeIgniter\Debug\Exceptions->errorHandler(2, 'Undefined array key "esAdmin"', 'C:\\xampp\\htdocs\\tianguis\\app\\Views\\Plantillas\\header_view.php', 135)
 2 SYSTEMPATH\View\View.php(213): include('C:\\xampp\\htdocs\\tianguis\\app\\Views\\Plantillas\\header_view.php')
 3 SYSTEMPATH\View\View.php(216): CodeIgniter\View\View->CodeIgniter\View\{closure}()
 4 SYSTEMPATH\Common.php(1184): CodeIgniter\View\View->render('Plantillas/header_view', [], true)
 5 APPPATH\Controllers\Inicio.php(16): view('Plantillas/header_view', [...])
 6 SYSTEMPATH\CodeIgniter.php(934): App\Controllers\Inicio->index()
 7 SYSTEMPATH\CodeIgniter.php(499): CodeIgniter\CodeIgniter->runController(Object(App\Controllers\Inicio))
 8 SYSTEMPATH\CodeIgniter.php(368): CodeIgniter\CodeIgniter->handleRequest(null, Object(Config\Cache), false)
 9 FCPATH\index.php(67): CodeIgniter\CodeIgniter->run()
CRITICAL - 2023-04-12 17:30:25 --> Undefined array key "esAdmin"
in APPPATH\Views\Plantillas\header_view.php on line 135.
 1 APPPATH\Views\Plantillas\header_view.php(135): CodeIgniter\Debug\Exceptions->errorHandler(2, 'Undefined array key "esAdmin"', 'C:\\xampp\\htdocs\\tianguis\\app\\Views\\Plantillas\\header_view.php', 135)
 2 SYSTEMPATH\View\View.php(213): include('C:\\xampp\\htdocs\\tianguis\\app\\Views\\Plantillas\\header_view.php')
 3 SYSTEMPATH\View\View.php(216): CodeIgniter\View\View->CodeIgniter\View\{closure}()
 4 SYSTEMPATH\Common.php(1184): CodeIgniter\View\View->render('Plantillas/header_view', [], true)
 5 APPPATH\Controllers\Inicio.php(16): view('Plantillas/header_view', [...])
 6 SYSTEMPATH\CodeIgniter.php(934): App\Controllers\Inicio->index()
 7 SYSTEMPATH\CodeIgniter.php(499): CodeIgniter\CodeIgniter->runController(Object(App\Controllers\Inicio))
 8 SYSTEMPATH\CodeIgniter.php(368): CodeIgniter\CodeIgniter->handleRequest(null, Object(Config\Cache), false)
 9 FCPATH\index.php(67): CodeIgniter\CodeIgniter->run()
CRITICAL - 2023-04-12 17:31:50 --> Undefined array key "esAdmin"
in APPPATH\Views\Plantillas\header_view.php on line 135.
 1 APPPATH\Views\Plantillas\header_view.php(135): CodeIgniter\Debug\Exceptions->errorHandler(2, 'Undefined array key "esAdmin"', 'C:\\xampp\\htdocs\\tianguis\\app\\Views\\Plantillas\\header_view.php', 135)
 2 SYSTEMPATH\View\View.php(213): include('C:\\xampp\\htdocs\\tianguis\\app\\Views\\Plantillas\\header_view.php')
 3 SYSTEMPATH\View\View.php(216): CodeIgniter\View\View->CodeIgniter\View\{closure}()
 4 SYSTEMPATH\Common.php(1184): CodeIgniter\View\View->render('Plantillas/header_view', [], true)
 5 APPPATH\Controllers\Inicio.php(16): view('Plantillas/header_view', [...])
 6 SYSTEMPATH\CodeIgniter.php(934): App\Controllers\Inicio->index()
 7 SYSTEMPATH\CodeIgniter.php(499): CodeIgniter\CodeIgniter->runController(Object(App\Controllers\Inicio))
 8 SYSTEMPATH\CodeIgniter.php(368): CodeIgniter\CodeIgniter->handleRequest(null, Object(Config\Cache), false)
 9 FCPATH\index.php(67): CodeIgniter\CodeIgniter->run()
CRITICAL - 2023-04-12 17:32:46 --> Undefined array key "esAdmin"
in APPPATH\Views\Plantillas\header_view.php on line 135.
 1 APPPATH\Views\Plantillas\header_view.php(135): CodeIgniter\Debug\Exceptions->errorHandler(2, 'Undefined array key "esAdmin"', 'C:\\xampp\\htdocs\\tianguis\\app\\Views\\Plantillas\\header_view.php', 135)
 2 SYSTEMPATH\View\View.php(213): include('C:\\xampp\\htdocs\\tianguis\\app\\Views\\Plantillas\\header_view.php')
 3 SYSTEMPATH\View\View.php(216): CodeIgniter\View\View->CodeIgniter\View\{closure}()
 4 SYSTEMPATH\Common.php(1184): CodeIgniter\View\View->render('Plantillas/header_view', [], true)
 5 APPPATH\Controllers\Inicio.php(16): view('Plantillas/header_view', [...])
 6 SYSTEMPATH\CodeIgniter.php(934): App\Controllers\Inicio->index()
 7 SYSTEMPATH\CodeIgniter.php(499): CodeIgniter\CodeIgniter->runController(Object(App\Controllers\Inicio))
 8 SYSTEMPATH\CodeIgniter.php(368): CodeIgniter\CodeIgniter->handleRequest(null, Object(Config\Cache), false)
 9 FCPATH\index.php(67): CodeIgniter\CodeIgniter->run()
CRITICAL - 2023-04-12 17:33:41 --> Undefined array key "esAdmin"
in APPPATH\Views\Plantillas\header_view.php on line 135.
 1 APPPATH\Views\Plantillas\header_view.php(135): CodeIgniter\Debug\Exceptions->errorHandler(2, 'Undefined array key "esAdmin"', 'C:\\xampp\\htdocs\\tianguis\\app\\Views\\Plantillas\\header_view.php', 135)
 2 SYSTEMPATH\View\View.php(213): include('C:\\xampp\\htdocs\\tianguis\\app\\Views\\Plantillas\\header_view.php')
 3 SYSTEMPATH\View\View.php(216): CodeIgniter\View\View->CodeIgniter\View\{closure}()
 4 SYSTEMPATH\Common.php(1184): CodeIgniter\View\View->render('Plantillas/header_view', [], true)
 5 APPPATH\Controllers\Inicio.php(16): view('Plantillas/header_view', [...])
 6 SYSTEMPATH\CodeIgniter.php(934): App\Controllers\Inicio->index()
 7 SYSTEMPATH\CodeIgniter.php(499): CodeIgniter\CodeIgniter->runController(Object(App\Controllers\Inicio))
 8 SYSTEMPATH\CodeIgniter.php(368): CodeIgniter\CodeIgniter->handleRequest(null, Object(Config\Cache), false)
 9 FCPATH\index.php(67): CodeIgniter\CodeIgniter->run()
CRITICAL - 2023-04-12 17:34:04 --> Undefined array key "esAdmin"
in APPPATH\Views\Plantillas\header_view.php on line 135.
 1 APPPATH\Views\Plantillas\header_view.php(135): CodeIgniter\Debug\Exceptions->errorHandler(2, 'Undefined array key "esAdmin"', 'C:\\xampp\\htdocs\\tianguis\\app\\Views\\Plantillas\\header_view.php', 135)
 2 SYSTEMPATH\View\View.php(213): include('C:\\xampp\\htdocs\\tianguis\\app\\Views\\Plantillas\\header_view.php')
 3 SYSTEMPATH\View\View.php(216): CodeIgniter\View\View->CodeIgniter\View\{closure}()
 4 SYSTEMPATH\Common.php(1184): CodeIgniter\View\View->render('Plantillas/header_view', [], true)
 5 APPPATH\Controllers\Inicio.php(16): view('Plantillas/header_view', [...])
 6 SYSTEMPATH\CodeIgniter.php(934): App\Controllers\Inicio->index()
 7 SYSTEMPATH\CodeIgniter.php(499): CodeIgniter\CodeIgniter->runController(Object(App\Controllers\Inicio))
 8 SYSTEMPATH\CodeIgniter.php(368): CodeIgniter\CodeIgniter->handleRequest(null, Object(Config\Cache), false)
 9 FCPATH\index.php(67): CodeIgniter\CodeIgniter->run()
CRITICAL - 2023-04-12 17:34:47 --> Undefined array key "esAdmin"
in APPPATH\Views\Plantillas\header_view.php on line 134.
 1 APPPATH\Views\Plantillas\header_view.php(134): CodeIgniter\Debug\Exceptions->errorHandler(2, 'Undefined array key "esAdmin"', 'C:\\xampp\\htdocs\\tianguis\\app\\Views\\Plantillas\\header_view.php', 134)
 2 SYSTEMPATH\View\View.php(213): include('C:\\xampp\\htdocs\\tianguis\\app\\Views\\Plantillas\\header_view.php')
 3 SYSTEMPATH\View\View.php(216): CodeIgniter\View\View->CodeIgniter\View\{closure}()
 4 SYSTEMPATH\Common.php(1184): CodeIgniter\View\View->render('Plantillas/header_view', [], true)
 5 APPPATH\Controllers\Inicio.php(16): view('Plantillas/header_view', [...])
 6 SYSTEMPATH\CodeIgniter.php(934): App\Controllers\Inicio->index()
 7 SYSTEMPATH\CodeIgniter.php(499): CodeIgniter\CodeIgniter->runController(Object(App\Controllers\Inicio))
 8 SYSTEMPATH\CodeIgniter.php(368): CodeIgniter\CodeIgniter->handleRequest(null, Object(Config\Cache), false)
 9 FCPATH\index.php(67): CodeIgniter\CodeIgniter->run()
CRITICAL - 2023-04-12 17:35:02 --> Undefined array key "esAdmin"
in APPPATH\Views\Plantillas\header_view.php on line 140.
 1 APPPATH\Views\Plantillas\header_view.php(140): CodeIgniter\Debug\Exceptions->errorHandler(2, 'Undefined array key "esAdmin"', 'C:\\xampp\\htdocs\\tianguis\\app\\Views\\Plantillas\\header_view.php', 140)
 2 SYSTEMPATH\View\View.php(213): include('C:\\xampp\\htdocs\\tianguis\\app\\Views\\Plantillas\\header_view.php')
 3 SYSTEMPATH\View\View.php(216): CodeIgniter\View\View->CodeIgniter\View\{closure}()
 4 SYSTEMPATH\Common.php(1184): CodeIgniter\View\View->render('Plantillas/header_view', [], true)
 5 APPPATH\Controllers\Inicio.php(16): view('Plantillas/header_view', [...])
 6 SYSTEMPATH\CodeIgniter.php(934): App\Controllers\Inicio->index()
 7 SYSTEMPATH\CodeIgniter.php(499): CodeIgniter\CodeIgniter->runController(Object(App\Controllers\Inicio))
 8 SYSTEMPATH\CodeIgniter.php(368): CodeIgniter\CodeIgniter->handleRequest(null, Object(Config\Cache), false)
 9 FCPATH\index.php(67): CodeIgniter\CodeIgniter->run()
CRITICAL - 2023-04-12 17:35:15 --> Undefined array key "esAdmin"
in APPPATH\Views\Plantillas\header_view.php on line 140.
 1 APPPATH\Views\Plantillas\header_view.php(140): CodeIgniter\Debug\Exceptions->errorHandler(2, 'Undefined array key "esAdmin"', 'C:\\xampp\\htdocs\\tianguis\\app\\Views\\Plantillas\\header_view.php', 140)
 2 SYSTEMPATH\View\View.php(213): include('C:\\xampp\\htdocs\\tianguis\\app\\Views\\Plantillas\\header_view.php')
 3 SYSTEMPATH\View\View.php(216): CodeIgniter\View\View->CodeIgniter\View\{closure}()
 4 SYSTEMPATH\Common.php(1184): CodeIgniter\View\View->render('Plantillas/header_view', [], true)
 5 APPPATH\Controllers\Inicio.php(16): view('Plantillas/header_view', [...])
 6 SYSTEMPATH\CodeIgniter.php(934): App\Controllers\Inicio->index()
 7 SYSTEMPATH\CodeIgniter.php(499): CodeIgniter\CodeIgniter->runController(Object(App\Controllers\Inicio))
 8 SYSTEMPATH\CodeIgniter.php(368): CodeIgniter\CodeIgniter->handleRequest(null, Object(Config\Cache), false)
 9 FCPATH\index.php(67): CodeIgniter\CodeIgniter->run()
CRITICAL - 2023-04-12 17:35:37 --> Undefined array key "esAdmin"
in APPPATH\Views\Plantillas\header_view.php on line 135.
 1 APPPATH\Views\Plantillas\header_view.php(135): CodeIgniter\Debug\Exceptions->errorHandler(2, 'Undefined array key "esAdmin"', 'C:\\xampp\\htdocs\\tianguis\\app\\Views\\Plantillas\\header_view.php', 135)
 2 SYSTEMPATH\View\View.php(213): include('C:\\xampp\\htdocs\\tianguis\\app\\Views\\Plantillas\\header_view.php')
 3 SYSTEMPATH\View\View.php(216): CodeIgniter\View\View->CodeIgniter\View\{closure}()
 4 SYSTEMPATH\Common.php(1184): CodeIgniter\View\View->render('Plantillas/header_view', [], true)
 5 APPPATH\Controllers\Inicio.php(16): view('Plantillas/header_view', [...])
 6 SYSTEMPATH\CodeIgniter.php(934): App\Controllers\Inicio->index()
 7 SYSTEMPATH\CodeIgniter.php(499): CodeIgniter\CodeIgniter->runController(Object(App\Controllers\Inicio))
 8 SYSTEMPATH\CodeIgniter.php(368): CodeIgniter\CodeIgniter->handleRequest(null, Object(Config\Cache), false)
 9 FCPATH\index.php(67): CodeIgniter\CodeIgniter->run()
CRITICAL - 2023-04-12 17:35:55 --> Undefined array key "esAdmin"
in APPPATH\Views\Plantillas\header_view.php on line 135.
 1 APPPATH\Views\Plantillas\header_view.php(135): CodeIgniter\Debug\Exceptions->errorHandler(2, 'Undefined array key "esAdmin"', 'C:\\xampp\\htdocs\\tianguis\\app\\Views\\Plantillas\\header_view.php', 135)
 2 SYSTEMPATH\View\View.php(213): include('C:\\xampp\\htdocs\\tianguis\\app\\Views\\Plantillas\\header_view.php')
 3 SYSTEMPATH\View\View.php(216): CodeIgniter\View\View->CodeIgniter\View\{closure}()
 4 SYSTEMPATH\Common.php(1184): CodeIgniter\View\View->render('Plantillas/header_view', [], true)
 5 APPPATH\Controllers\Inicio.php(16): view('Plantillas/header_view', [...])
 6 SYSTEMPATH\CodeIgniter.php(934): App\Controllers\Inicio->index()
 7 SYSTEMPATH\CodeIgniter.php(499): CodeIgniter\CodeIgniter->runController(Object(App\Controllers\Inicio))
 8 SYSTEMPATH\CodeIgniter.php(368): CodeIgniter\CodeIgniter->handleRequest(null, Object(Config\Cache), false)
 9 FCPATH\index.php(67): CodeIgniter\CodeIgniter->run()
CRITICAL - 2023-04-12 17:36:23 --> Undefined array key "esAdmin"
in APPPATH\Views\Plantillas\header_view.php on line 135.
 1 APPPATH\Views\Plantillas\header_view.php(135): CodeIgniter\Debug\Exceptions->errorHandler(2, 'Undefined array key "esAdmin"', 'C:\\xampp\\htdocs\\tianguis\\app\\Views\\Plantillas\\header_view.php', 135)
 2 SYSTEMPATH\View\View.php(213): include('C:\\xampp\\htdocs\\tianguis\\app\\Views\\Plantillas\\header_view.php')
 3 SYSTEMPATH\View\View.php(216): CodeIgniter\View\View->CodeIgniter\View\{closure}()
 4 SYSTEMPATH\Common.php(1184): CodeIgniter\View\View->render('Plantillas/header_view', [], true)
 5 APPPATH\Controllers\Inicio.php(16): view('Plantillas/header_view', [...])
 6 SYSTEMPATH\CodeIgniter.php(934): App\Controllers\Inicio->index()
 7 SYSTEMPATH\CodeIgniter.php(499): CodeIgniter\CodeIgniter->runController(Object(App\Controllers\Inicio))
 8 SYSTEMPATH\CodeIgniter.php(368): CodeIgniter\CodeIgniter->handleRequest(null, Object(Config\Cache), false)
 9 FCPATH\index.php(67): CodeIgniter\CodeIgniter->run()
CRITICAL - 2023-04-12 17:37:56 --> Undefined array key "esAdmin"
in APPPATH\Views\Plantillas\header_view.php on line 136.
 1 APPPATH\Views\Plantillas\header_view.php(136): CodeIgniter\Debug\Exceptions->errorHandler(2, 'Undefined array key "esAdmin"', 'C:\\xampp\\htdocs\\tianguis\\app\\Views\\Plantillas\\header_view.php', 136)
 2 SYSTEMPATH\View\View.php(213): include('C:\\xampp\\htdocs\\tianguis\\app\\Views\\Plantillas\\header_view.php')
 3 SYSTEMPATH\View\View.php(216): CodeIgniter\View\View->CodeIgniter\View\{closure}()
 4 SYSTEMPATH\Common.php(1184): CodeIgniter\View\View->render('Plantillas/header_view', [], true)
 5 APPPATH\Controllers\Inicio.php(16): view('Plantillas/header_view', [...])
 6 SYSTEMPATH\CodeIgniter.php(934): App\Controllers\Inicio->index()
 7 SYSTEMPATH\CodeIgniter.php(499): CodeIgniter\CodeIgniter->runController(Object(App\Controllers\Inicio))
 8 SYSTEMPATH\CodeIgniter.php(368): CodeIgniter\CodeIgniter->handleRequest(null, Object(Config\Cache), false)
 9 FCPATH\index.php(67): CodeIgniter\CodeIgniter->run()
CRITICAL - 2023-04-12 17:38:21 --> Undefined array key "esAdmin"
in APPPATH\Views\Plantillas\header_view.php on line 135.
 1 APPPATH\Views\Plantillas\header_view.php(135): CodeIgniter\Debug\Exceptions->errorHandler(2, 'Undefined array key "esAdmin"', 'C:\\xampp\\htdocs\\tianguis\\app\\Views\\Plantillas\\header_view.php', 135)
 2 SYSTEMPATH\View\View.php(213): include('C:\\xampp\\htdocs\\tianguis\\app\\Views\\Plantillas\\header_view.php')
 3 SYSTEMPATH\View\View.php(216): CodeIgniter\View\View->CodeIgniter\View\{closure}()
 4 SYSTEMPATH\Common.php(1184): CodeIgniter\View\View->render('Plantillas/header_view', [], true)
 5 APPPATH\Controllers\Inicio.php(16): view('Plantillas/header_view', [...])
 6 SYSTEMPATH\CodeIgniter.php(934): App\Controllers\Inicio->index()
 7 SYSTEMPATH\CodeIgniter.php(499): CodeIgniter\CodeIgniter->runController(Object(App\Controllers\Inicio))
 8 SYSTEMPATH\CodeIgniter.php(368): CodeIgniter\CodeIgniter->handleRequest(null, Object(Config\Cache), false)
 9 FCPATH\index.php(67): CodeIgniter\CodeIgniter->run()
CRITICAL - 2023-04-12 17:38:23 --> Undefined array key "esAdmin"
in APPPATH\Views\Plantillas\header_view.php on line 135.
 1 APPPATH\Views\Plantillas\header_view.php(135): CodeIgniter\Debug\Exceptions->errorHandler(2, 'Undefined array key "esAdmin"', 'C:\\xampp\\htdocs\\tianguis\\app\\Views\\Plantillas\\header_view.php', 135)
 2 SYSTEMPATH\View\View.php(213): include('C:\\xampp\\htdocs\\tianguis\\app\\Views\\Plantillas\\header_view.php')
 3 SYSTEMPATH\View\View.php(216): CodeIgniter\View\View->CodeIgniter\View\{closure}()
 4 SYSTEMPATH\Common.php(1184): CodeIgniter\View\View->render('Plantillas/header_view', [], true)
 5 APPPATH\Controllers\Inicio.php(16): view('Plantillas/header_view', [...])
 6 SYSTEMPATH\CodeIgniter.php(934): App\Controllers\Inicio->index()
 7 SYSTEMPATH\CodeIgniter.php(499): CodeIgniter\CodeIgniter->runController(Object(App\Controllers\Inicio))
 8 SYSTEMPATH\CodeIgniter.php(368): CodeIgniter\CodeIgniter->handleRequest(null, Object(Config\Cache), false)
 9 FCPATH\index.php(67): CodeIgniter\CodeIgniter->run()
CRITICAL - 2023-04-12 17:39:04 --> Undefined array key "esAdmin"
in APPPATH\Views\Plantillas\header_view.php on line 141.
 1 APPPATH\Views\Plantillas\header_view.php(141): CodeIgniter\Debug\Exceptions->errorHandler(2, 'Undefined array key "esAdmin"', 'C:\\xampp\\htdocs\\tianguis\\app\\Views\\Plantillas\\header_view.php', 141)
 2 SYSTEMPATH\View\View.php(213): include('C:\\xampp\\htdocs\\tianguis\\app\\Views\\Plantillas\\header_view.php')
 3 SYSTEMPATH\View\View.php(216): CodeIgniter\View\View->CodeIgniter\View\{closure}()
 4 SYSTEMPATH\Common.php(1184): CodeIgniter\View\View->render('Plantillas/header_view', [], true)
 5 APPPATH\Controllers\Inicio.php(16): view('Plantillas/header_view', [...])
 6 SYSTEMPATH\CodeIgniter.php(934): App\Controllers\Inicio->index()
 7 SYSTEMPATH\CodeIgniter.php(499): CodeIgniter\CodeIgniter->runController(Object(App\Controllers\Inicio))
 8 SYSTEMPATH\CodeIgniter.php(368): CodeIgniter\CodeIgniter->handleRequest(null, Object(Config\Cache), false)
 9 FCPATH\index.php(67): CodeIgniter\CodeIgniter->run()
CRITICAL - 2023-04-12 17:39:25 --> Undefined array key "esAdmin"
in APPPATH\Views\Plantillas\header_view.php on line 136.
 1 APPPATH\Views\Plantillas\header_view.php(136): CodeIgniter\Debug\Exceptions->errorHandler(2, 'Undefined array key "esAdmin"', 'C:\\xampp\\htdocs\\tianguis\\app\\Views\\Plantillas\\header_view.php', 136)
 2 SYSTEMPATH\View\View.php(213): include('C:\\xampp\\htdocs\\tianguis\\app\\Views\\Plantillas\\header_view.php')
 3 SYSTEMPATH\View\View.php(216): CodeIgniter\View\View->CodeIgniter\View\{closure}()
 4 SYSTEMPATH\Common.php(1184): CodeIgniter\View\View->render('Plantillas/header_view', [], true)
 5 APPPATH\Controllers\Inicio.php(16): view('Plantillas/header_view', [...])
 6 SYSTEMPATH\CodeIgniter.php(934): App\Controllers\Inicio->index()
 7 SYSTEMPATH\CodeIgniter.php(499): CodeIgniter\CodeIgniter->runController(Object(App\Controllers\Inicio))
 8 SYSTEMPATH\CodeIgniter.php(368): CodeIgniter\CodeIgniter->handleRequest(null, Object(Config\Cache), false)
 9 FCPATH\index.php(67): CodeIgniter\CodeIgniter->run()
CRITICAL - 2023-04-12 17:40:59 --> Undefined array key "esAdmin"
in APPPATH\Views\Plantillas\header_view.php on line 135.
 1 APPPATH\Views\Plantillas\header_view.php(135): CodeIgniter\Debug\Exceptions->errorHandler(2, 'Undefined array key "esAdmin"', 'C:\\xampp\\htdocs\\tianguis\\app\\Views\\Plantillas\\header_view.php', 135)
 2 SYSTEMPATH\View\View.php(213): include('C:\\xampp\\htdocs\\tianguis\\app\\Views\\Plantillas\\header_view.php')
 3 SYSTEMPATH\View\View.php(216): CodeIgniter\View\View->CodeIgniter\View\{closure}()
 4 SYSTEMPATH\Common.php(1184): CodeIgniter\View\View->render('Plantillas/header_view', [], true)
 5 APPPATH\Controllers\Inicio.php(16): view('Plantillas/header_view', [...])
 6 SYSTEMPATH\CodeIgniter.php(934): App\Controllers\Inicio->index()
 7 SYSTEMPATH\CodeIgniter.php(499): CodeIgniter\CodeIgniter->runController(Object(App\Controllers\Inicio))
 8 SYSTEMPATH\CodeIgniter.php(368): CodeIgniter\CodeIgniter->handleRequest(null, Object(Config\Cache), false)
 9 FCPATH\index.php(67): CodeIgniter\CodeIgniter->run()
CRITICAL - 2023-04-12 17:42:15 --> Undefined array key "esAdmin"
in APPPATH\Views\Plantillas\header_view.php on line 147.
 1 APPPATH\Views\Plantillas\header_view.php(147): CodeIgniter\Debug\Exceptions->errorHandler(2, 'Undefined array key "esAdmin"', 'C:\\xampp\\htdocs\\tianguis\\app\\Views\\Plantillas\\header_view.php', 147)
 2 SYSTEMPATH\View\View.php(213): include('C:\\xampp\\htdocs\\tianguis\\app\\Views\\Plantillas\\header_view.php')
 3 SYSTEMPATH\View\View.php(216): CodeIgniter\View\View->CodeIgniter\View\{closure}()
 4 SYSTEMPATH\Common.php(1184): CodeIgniter\View\View->render('Plantillas/header_view', [], true)
 5 APPPATH\Controllers\Inicio.php(16): view('Plantillas/header_view', [...])
 6 SYSTEMPATH\CodeIgniter.php(934): App\Controllers\Inicio->index()
 7 SYSTEMPATH\CodeIgniter.php(499): CodeIgniter\CodeIgniter->runController(Object(App\Controllers\Inicio))
 8 SYSTEMPATH\CodeIgniter.php(368): CodeIgniter\CodeIgniter->handleRequest(null, Object(Config\Cache), false)
 9 FCPATH\index.php(67): CodeIgniter\CodeIgniter->run()
CRITICAL - 2023-04-12 17:42:37 --> Undefined array key "esAdmin"
in APPPATH\Views\Plantillas\header_view.php on line 141.
 1 APPPATH\Views\Plantillas\header_view.php(141): CodeIgniter\Debug\Exceptions->errorHandler(2, 'Undefined array key "esAdmin"', 'C:\\xampp\\htdocs\\tianguis\\app\\Views\\Plantillas\\header_view.php', 141)
 2 SYSTEMPATH\View\View.php(213): include('C:\\xampp\\htdocs\\tianguis\\app\\Views\\Plantillas\\header_view.php')
 3 SYSTEMPATH\View\View.php(216): CodeIgniter\View\View->CodeIgniter\View\{closure}()
 4 SYSTEMPATH\Common.php(1184): CodeIgniter\View\View->render('Plantillas/header_view', [], true)
 5 APPPATH\Controllers\Inicio.php(16): view('Plantillas/header_view', [...])
 6 SYSTEMPATH\CodeIgniter.php(934): App\Controllers\Inicio->index()
 7 SYSTEMPATH\CodeIgniter.php(499): CodeIgniter\CodeIgniter->runController(Object(App\Controllers\Inicio))
 8 SYSTEMPATH\CodeIgniter.php(368): CodeIgniter\CodeIgniter->handleRequest(null, Object(Config\Cache), false)
 9 FCPATH\index.php(67): CodeIgniter\CodeIgniter->run()
CRITICAL - 2023-04-12 17:42:39 --> Undefined array key "esAdmin"
in APPPATH\Views\Plantillas\header_view.php on line 141.
 1 APPPATH\Views\Plantillas\header_view.php(141): CodeIgniter\Debug\Exceptions->errorHandler(2, 'Undefined array key "esAdmin"', 'C:\\xampp\\htdocs\\tianguis\\app\\Views\\Plantillas\\header_view.php', 141)
 2 SYSTEMPATH\View\View.php(213): include('C:\\xampp\\htdocs\\tianguis\\app\\Views\\Plantillas\\header_view.php')
 3 SYSTEMPATH\View\View.php(216): CodeIgniter\View\View->CodeIgniter\View\{closure}()
 4 SYSTEMPATH\Common.php(1184): CodeIgniter\View\View->render('Plantillas/header_view', [], true)
 5 APPPATH\Controllers\Inicio.php(16): view('Plantillas/header_view', [...])
 6 SYSTEMPATH\CodeIgniter.php(934): App\Controllers\Inicio->index()
 7 SYSTEMPATH\CodeIgniter.php(499): CodeIgniter\CodeIgniter->runController(Object(App\Controllers\Inicio))
 8 SYSTEMPATH\CodeIgniter.php(368): CodeIgniter\CodeIgniter->handleRequest(null, Object(Config\Cache), false)
 9 FCPATH\index.php(67): CodeIgniter\CodeIgniter->run()
CRITICAL - 2023-04-12 17:43:05 --> Undefined array key "esAdmin"
in APPPATH\Views\Plantillas\header_view.php on line 147.
 1 APPPATH\Views\Plantillas\header_view.php(147): CodeIgniter\Debug\Exceptions->errorHandler(2, 'Undefined array key "esAdmin"', 'C:\\xampp\\htdocs\\tianguis\\app\\Views\\Plantillas\\header_view.php', 147)
 2 SYSTEMPATH\View\View.php(213): include('C:\\xampp\\htdocs\\tianguis\\app\\Views\\Plantillas\\header_view.php')
 3 SYSTEMPATH\View\View.php(216): CodeIgniter\View\View->CodeIgniter\View\{closure}()
 4 SYSTEMPATH\Common.php(1184): CodeIgniter\View\View->render('Plantillas/header_view', [], true)
 5 APPPATH\Controllers\Inicio.php(16): view('Plantillas/header_view', [...])
 6 SYSTEMPATH\CodeIgniter.php(934): App\Controllers\Inicio->index()
 7 SYSTEMPATH\CodeIgniter.php(499): CodeIgniter\CodeIgniter->runController(Object(App\Controllers\Inicio))
 8 SYSTEMPATH\CodeIgniter.php(368): CodeIgniter\CodeIgniter->handleRequest(null, Object(Config\Cache), false)
 9 FCPATH\index.php(67): CodeIgniter\CodeIgniter->run()
CRITICAL - 2023-04-12 17:44:12 --> Undefined array key "esAdmin"
in APPPATH\Views\Plantillas\header_view.php on line 147.
 1 APPPATH\Views\Plantillas\header_view.php(147): CodeIgniter\Debug\Exceptions->errorHandler(2, 'Undefined array key "esAdmin"', 'C:\\xampp\\htdocs\\tianguis\\app\\Views\\Plantillas\\header_view.php', 147)
 2 SYSTEMPATH\View\View.php(213): include('C:\\xampp\\htdocs\\tianguis\\app\\Views\\Plantillas\\header_view.php')
 3 SYSTEMPATH\View\View.php(216): CodeIgniter\View\View->CodeIgniter\View\{closure}()
 4 SYSTEMPATH\Common.php(1184): CodeIgniter\View\View->render('Plantillas/header_view', [], true)
 5 APPPATH\Controllers\Inicio.php(16): view('Plantillas/header_view', [...])
 6 SYSTEMPATH\CodeIgniter.php(934): App\Controllers\Inicio->index()
 7 SYSTEMPATH\CodeIgniter.php(499): CodeIgniter\CodeIgniter->runController(Object(App\Controllers\Inicio))
 8 SYSTEMPATH\CodeIgniter.php(368): CodeIgniter\CodeIgniter->handleRequest(null, Object(Config\Cache), false)
 9 FCPATH\index.php(67): CodeIgniter\CodeIgniter->run()
CRITICAL - 2023-04-12 17:45:49 --> Undefined array key "esAdmin"
in APPPATH\Views\Plantillas\header_view.php on line 147.
 1 APPPATH\Views\Plantillas\header_view.php(147): CodeIgniter\Debug\Exceptions->errorHandler(2, 'Undefined array key "esAdmin"', 'C:\\xampp\\htdocs\\tianguis\\app\\Views\\Plantillas\\header_view.php', 147)
 2 SYSTEMPATH\View\View.php(213): include('C:\\xampp\\htdocs\\tianguis\\app\\Views\\Plantillas\\header_view.php')
 3 SYSTEMPATH\View\View.php(216): CodeIgniter\View\View->CodeIgniter\View\{closure}()
 4 SYSTEMPATH\Common.php(1184): CodeIgniter\View\View->render('Plantillas/header_view', [], true)
 5 APPPATH\Controllers\Inicio.php(16): view('Plantillas/header_view', [...])
 6 SYSTEMPATH\CodeIgniter.php(934): App\Controllers\Inicio->index()
 7 SYSTEMPATH\CodeIgniter.php(499): CodeIgniter\CodeIgniter->runController(Object(App\Controllers\Inicio))
 8 SYSTEMPATH\CodeIgniter.php(368): CodeIgniter\CodeIgniter->handleRequest(null, Object(Config\Cache), false)
 9 FCPATH\index.php(67): CodeIgniter\CodeIgniter->run()
CRITICAL - 2023-04-12 17:46:49 --> Undefined array key "esAdmin"
in APPPATH\Views\Plantillas\header_view.php on line 147.
 1 APPPATH\Views\Plantillas\header_view.php(147): CodeIgniter\Debug\Exceptions->errorHandler(2, 'Undefined array key "esAdmin"', 'C:\\xampp\\htdocs\\tianguis\\app\\Views\\Plantillas\\header_view.php', 147)
 2 SYSTEMPATH\View\View.php(213): include('C:\\xampp\\htdocs\\tianguis\\app\\Views\\Plantillas\\header_view.php')
 3 SYSTEMPATH\View\View.php(216): CodeIgniter\View\View->CodeIgniter\View\{closure}()
 4 SYSTEMPATH\Common.php(1184): CodeIgniter\View\View->render('Plantillas/header_view', [], true)
 5 APPPATH\Controllers\Inicio.php(16): view('Plantillas/header_view', [...])
 6 SYSTEMPATH\CodeIgniter.php(934): App\Controllers\Inicio->index()
 7 SYSTEMPATH\CodeIgniter.php(499): CodeIgniter\CodeIgniter->runController(Object(App\Controllers\Inicio))
 8 SYSTEMPATH\CodeIgniter.php(368): CodeIgniter\CodeIgniter->handleRequest(null, Object(Config\Cache), false)
 9 FCPATH\index.php(67): CodeIgniter\CodeIgniter->run()
CRITICAL - 2023-04-12 17:47:57 --> Undefined array key "esAdmin"
in APPPATH\Views\Plantillas\header_view.php on line 147.
 1 APPPATH\Views\Plantillas\header_view.php(147): CodeIgniter\Debug\Exceptions->errorHandler(2, 'Undefined array key "esAdmin"', 'C:\\xampp\\htdocs\\tianguis\\app\\Views\\Plantillas\\header_view.php', 147)
 2 SYSTEMPATH\View\View.php(213): include('C:\\xampp\\htdocs\\tianguis\\app\\Views\\Plantillas\\header_view.php')
 3 SYSTEMPATH\View\View.php(216): CodeIgniter\View\View->CodeIgniter\View\{closure}()
 4 SYSTEMPATH\Common.php(1184): CodeIgniter\View\View->render('Plantillas/header_view', [], true)
 5 APPPATH\Controllers\Inicio.php(16): view('Plantillas/header_view', [...])
 6 SYSTEMPATH\CodeIgniter.php(934): App\Controllers\Inicio->index()
 7 SYSTEMPATH\CodeIgniter.php(499): CodeIgniter\CodeIgniter->runController(Object(App\Controllers\Inicio))
 8 SYSTEMPATH\CodeIgniter.php(368): CodeIgniter\CodeIgniter->handleRequest(null, Object(Config\Cache), false)
 9 FCPATH\index.php(67): CodeIgniter\CodeIgniter->run()
CRITICAL - 2023-04-12 17:48:11 --> Undefined array key "esAdmin"
in APPPATH\Views\Plantillas\header_view.php on line 147.
 1 APPPATH\Views\Plantillas\header_view.php(147): CodeIgniter\Debug\Exceptions->errorHandler(2, 'Undefined array key "esAdmin"', 'C:\\xampp\\htdocs\\tianguis\\app\\Views\\Plantillas\\header_view.php', 147)
 2 SYSTEMPATH\View\View.php(213): include('C:\\xampp\\htdocs\\tianguis\\app\\Views\\Plantillas\\header_view.php')
 3 SYSTEMPATH\View\View.php(216): CodeIgniter\View\View->CodeIgniter\View\{closure}()
 4 SYSTEMPATH\Common.php(1184): CodeIgniter\View\View->render('Plantillas/header_view', [], true)
 5 APPPATH\Controllers\Inicio.php(16): view('Plantillas/header_view', [...])
 6 SYSTEMPATH\CodeIgniter.php(934): App\Controllers\Inicio->index()
 7 SYSTEMPATH\CodeIgniter.php(499): CodeIgniter\CodeIgniter->runController(Object(App\Controllers\Inicio))
 8 SYSTEMPATH\CodeIgniter.php(368): CodeIgniter\CodeIgniter->handleRequest(null, Object(Config\Cache), false)
 9 FCPATH\index.php(67): CodeIgniter\CodeIgniter->run()
CRITICAL - 2023-04-12 17:49:17 --> Undefined array key "esAdmin"
in APPPATH\Views\Plantillas\header_view.php on line 147.
 1 APPPATH\Views\Plantillas\header_view.php(147): CodeIgniter\Debug\Exceptions->errorHandler(2, 'Undefined array key "esAdmin"', 'C:\\xampp\\htdocs\\tianguis\\app\\Views\\Plantillas\\header_view.php', 147)
 2 SYSTEMPATH\View\View.php(213): include('C:\\xampp\\htdocs\\tianguis\\app\\Views\\Plantillas\\header_view.php')
 3 SYSTEMPATH\View\View.php(216): CodeIgniter\View\View->CodeIgniter\View\{closure}()
 4 SYSTEMPATH\Common.php(1184): CodeIgniter\View\View->render('Plantillas/header_view', [], true)
 5 APPPATH\Controllers\Inicio.php(16): view('Plantillas/header_view', [...])
 6 SYSTEMPATH\CodeIgniter.php(934): App\Controllers\Inicio->index()
 7 SYSTEMPATH\CodeIgniter.php(499): CodeIgniter\CodeIgniter->runController(Object(App\Controllers\Inicio))
 8 SYSTEMPATH\CodeIgniter.php(368): CodeIgniter\CodeIgniter->handleRequest(null, Object(Config\Cache), false)
 9 FCPATH\index.php(67): CodeIgniter\CodeIgniter->run()
CRITICAL - 2023-04-12 17:49:55 --> Undefined array key "esAdmin"
in APPPATH\Views\Plantillas\header_view.php on line 147.
 1 APPPATH\Views\Plantillas\header_view.php(147): CodeIgniter\Debug\Exceptions->errorHandler(2, 'Undefined array key "esAdmin"', 'C:\\xampp\\htdocs\\tianguis\\app\\Views\\Plantillas\\header_view.php', 147)
 2 SYSTEMPATH\View\View.php(213): include('C:\\xampp\\htdocs\\tianguis\\app\\Views\\Plantillas\\header_view.php')
 3 SYSTEMPATH\View\View.php(216): CodeIgniter\View\View->CodeIgniter\View\{closure}()
 4 SYSTEMPATH\Common.php(1184): CodeIgniter\View\View->render('Plantillas/header_view', [], true)
 5 APPPATH\Controllers\Inicio.php(16): view('Plantillas/header_view', [...])
 6 SYSTEMPATH\CodeIgniter.php(934): App\Controllers\Inicio->index()
 7 SYSTEMPATH\CodeIgniter.php(499): CodeIgniter\CodeIgniter->runController(Object(App\Controllers\Inicio))
 8 SYSTEMPATH\CodeIgniter.php(368): CodeIgniter\CodeIgniter->handleRequest(null, Object(Config\Cache), false)
 9 FCPATH\index.php(67): CodeIgniter\CodeIgniter->run()
CRITICAL - 2023-04-12 17:53:05 --> Undefined array key "esAdmin"
in APPPATH\Views\Plantillas\header_view.php on line 147.
 1 APPPATH\Views\Plantillas\header_view.php(147): CodeIgniter\Debug\Exceptions->errorHandler(2, 'Undefined array key "esAdmin"', 'C:\\xampp\\htdocs\\tianguis\\app\\Views\\Plantillas\\header_view.php', 147)
 2 SYSTEMPATH\View\View.php(213): include('C:\\xampp\\htdocs\\tianguis\\app\\Views\\Plantillas\\header_view.php')
 3 SYSTEMPATH\View\View.php(216): CodeIgniter\View\View->CodeIgniter\View\{closure}()
 4 SYSTEMPATH\Common.php(1184): CodeIgniter\View\View->render('Plantillas/header_view', [], true)
 5 APPPATH\Controllers\Inicio.php(16): view('Plantillas/header_view', [...])
 6 SYSTEMPATH\CodeIgniter.php(934): App\Controllers\Inicio->index()
 7 SYSTEMPATH\CodeIgniter.php(499): CodeIgniter\CodeIgniter->runController(Object(App\Controllers\Inicio))
 8 SYSTEMPATH\CodeIgniter.php(368): CodeIgniter\CodeIgniter->handleRequest(null, Object(Config\Cache), false)
 9 FCPATH\index.php(67): CodeIgniter\CodeIgniter->run()
CRITICAL - 2023-04-12 17:53:31 --> Undefined property: CodeIgniter\View\View::$session
in APPPATH\Views\Plantillas\header_view.php on line 147.
 1 APPPATH\Views\Plantillas\header_view.php(147): CodeIgniter\Debug\Exceptions->errorHandler(2, 'Undefined property: CodeIgniter\\View\\View::$session', 'C:\\xampp\\htdocs\\tianguis\\app\\Views\\Plantillas\\header_view.php', 147)
 2 SYSTEMPATH\View\View.php(213): include('C:\\xampp\\htdocs\\tianguis\\app\\Views\\Plantillas\\header_view.php')
 3 SYSTEMPATH\View\View.php(216): CodeIgniter\View\View->CodeIgniter\View\{closure}()
 4 SYSTEMPATH\Common.php(1184): CodeIgniter\View\View->render('Plantillas/header_view', [], true)
 5 APPPATH\Controllers\Inicio.php(16): view('Plantillas/header_view', [...])
 6 SYSTEMPATH\CodeIgniter.php(934): App\Controllers\Inicio->index()
 7 SYSTEMPATH\CodeIgniter.php(499): CodeIgniter\CodeIgniter->runController(Object(App\Controllers\Inicio))
 8 SYSTEMPATH\CodeIgniter.php(368): CodeIgniter\CodeIgniter->handleRequest(null, Object(Config\Cache), false)
 9 FCPATH\index.php(67): CodeIgniter\CodeIgniter->run()
CRITICAL - 2023-04-12 17:53:33 --> Undefined property: CodeIgniter\View\View::$session
in APPPATH\Views\Plantillas\header_view.php on line 147.
 1 APPPATH\Views\Plantillas\header_view.php(147): CodeIgniter\Debug\Exceptions->errorHandler(2, 'Undefined property: CodeIgniter\\View\\View::$session', 'C:\\xampp\\htdocs\\tianguis\\app\\Views\\Plantillas\\header_view.php', 147)
 2 SYSTEMPATH\View\View.php(213): include('C:\\xampp\\htdocs\\tianguis\\app\\Views\\Plantillas\\header_view.php')
 3 SYSTEMPATH\View\View.php(216): CodeIgniter\View\View->CodeIgniter\View\{closure}()
 4 SYSTEMPATH\Common.php(1184): CodeIgniter\View\View->render('Plantillas/header_view', [], true)
 5 APPPATH\Controllers\Inicio.php(16): view('Plantillas/header_view', [...])
 6 SYSTEMPATH\CodeIgniter.php(934): App\Controllers\Inicio->index()
 7 SYSTEMPATH\CodeIgniter.php(499): CodeIgniter\CodeIgniter->runController(Object(App\Controllers\Inicio))
 8 SYSTEMPATH\CodeIgniter.php(368): CodeIgniter\CodeIgniter->handleRequest(null, Object(Config\Cache), false)
 9 FCPATH\index.php(67): CodeIgniter\CodeIgniter->run()
CRITICAL - 2023-04-12 17:53:35 --> Undefined property: CodeIgniter\View\View::$session
in APPPATH\Views\Plantillas\header_view.php on line 147.
 1 APPPATH\Views\Plantillas\header_view.php(147): CodeIgniter\Debug\Exceptions->errorHandler(2, 'Undefined property: CodeIgniter\\View\\View::$session', 'C:\\xampp\\htdocs\\tianguis\\app\\Views\\Plantillas\\header_view.php', 147)
 2 SYSTEMPATH\View\View.php(213): include('C:\\xampp\\htdocs\\tianguis\\app\\Views\\Plantillas\\header_view.php')
 3 SYSTEMPATH\View\View.php(216): CodeIgniter\View\View->CodeIgniter\View\{closure}()
 4 SYSTEMPATH\Common.php(1184): CodeIgniter\View\View->render('Plantillas/header_view', [], true)
 5 APPPATH\Controllers\Inicio.php(16): view('Plantillas/header_view', [...])
 6 SYSTEMPATH\CodeIgniter.php(934): App\Controllers\Inicio->index()
 7 SYSTEMPATH\CodeIgniter.php(499): CodeIgniter\CodeIgniter->runController(Object(App\Controllers\Inicio))
 8 SYSTEMPATH\CodeIgniter.php(368): CodeIgniter\CodeIgniter->handleRequest(null, Object(Config\Cache), false)
 9 FCPATH\index.php(67): CodeIgniter\CodeIgniter->run()
CRITICAL - 2023-04-12 17:53:47 --> Undefined property: CodeIgniter\View\View::$session
in APPPATH\Views\Plantillas\header_view.php on line 147.
 1 APPPATH\Views\Plantillas\header_view.php(147): CodeIgniter\Debug\Exceptions->errorHandler(2, 'Undefined property: CodeIgniter\\View\\View::$session', 'C:\\xampp\\htdocs\\tianguis\\app\\Views\\Plantillas\\header_view.php', 147)
 2 SYSTEMPATH\View\View.php(213): include('C:\\xampp\\htdocs\\tianguis\\app\\Views\\Plantillas\\header_view.php')
 3 SYSTEMPATH\View\View.php(216): CodeIgniter\View\View->CodeIgniter\View\{closure}()
 4 SYSTEMPATH\Common.php(1184): CodeIgniter\View\View->render('plantillas/header_view', [], true)
 5 APPPATH\Controllers\Login.php(43): view('plantillas/header_view', [...])
 6 SYSTEMPATH\CodeIgniter.php(934): App\Controllers\Login->Login()
 7 SYSTEMPATH\CodeIgniter.php(499): CodeIgniter\CodeIgniter->runController(Object(App\Controllers\Login))
 8 SYSTEMPATH\CodeIgniter.php(368): CodeIgniter\CodeIgniter->handleRequest(null, Object(Config\Cache), false)
 9 FCPATH\index.php(67): CodeIgniter\CodeIgniter->run()
CRITICAL - 2023-04-12 17:54:04 --> Undefined property: CodeIgniter\View\View::$session
in APPPATH\Views\Plantillas\header_view.php on line 147.
 1 APPPATH\Views\Plantillas\header_view.php(147): CodeIgniter\Debug\Exceptions->errorHandler(2, 'Undefined property: CodeIgniter\\View\\View::$session', 'C:\\xampp\\htdocs\\tianguis\\app\\Views\\Plantillas\\header_view.php', 147)
 2 SYSTEMPATH\View\View.php(213): include('C:\\xampp\\htdocs\\tianguis\\app\\Views\\Plantillas\\header_view.php')
 3 SYSTEMPATH\View\View.php(216): CodeIgniter\View\View->CodeIgniter\View\{closure}()
 4 SYSTEMPATH\Common.php(1184): CodeIgniter\View\View->render('plantillas/header_view', [], true)
 5 APPPATH\Controllers\Login.php(79): view('plantillas/header_view', [...])
 6 SYSTEMPATH\CodeIgniter.php(934): App\Controllers\Login->Login()
 7 SYSTEMPATH\CodeIgniter.php(499): CodeIgniter\CodeIgniter->runController(Object(App\Controllers\Login))
 8 SYSTEMPATH\CodeIgniter.php(368): CodeIgniter\CodeIgniter->handleRequest(null, Object(Config\Cache), false)
 9 FCPATH\index.php(67): CodeIgniter\CodeIgniter->run()
CRITICAL - 2023-04-12 17:54:16 --> Undefined array key "esAdmin"
in APPPATH\Views\Plantillas\header_view.php on line 147.
 1 APPPATH\Views\Plantillas\header_view.php(147): CodeIgniter\Debug\Exceptions->errorHandler(2, 'Undefined array key "esAdmin"', 'C:\\xampp\\htdocs\\tianguis\\app\\Views\\Plantillas\\header_view.php', 147)
 2 SYSTEMPATH\View\View.php(213): include('C:\\xampp\\htdocs\\tianguis\\app\\Views\\Plantillas\\header_view.php')
 3 SYSTEMPATH\View\View.php(216): CodeIgniter\View\View->CodeIgniter\View\{closure}()
 4 SYSTEMPATH\Common.php(1184): CodeIgniter\View\View->render('Plantillas/header_view', [], true)
 5 APPPATH\Controllers\Inicio.php(16): view('Plantillas/header_view', [...])
 6 SYSTEMPATH\CodeIgniter.php(934): App\Controllers\Inicio->index()
 7 SYSTEMPATH\CodeIgniter.php(499): CodeIgniter\CodeIgniter->runController(Object(App\Controllers\Inicio))
 8 SYSTEMPATH\CodeIgniter.php(368): CodeIgniter\CodeIgniter->handleRequest(null, Object(Config\Cache), false)
 9 FCPATH\index.php(67): CodeIgniter\CodeIgniter->run()
